find_header: checking for prism.h in /Users/jaydenthelwell/pye-candles/pye-candles/''/gems/prism-0.18.0/include... -------------------- no

DYLD_FALLBACK_LIBRARY_PATH=.:/Users/jaydenthelwell/.rbenv/versions/3.1.2/lib "clang -o conftest -I/Users/jaydenthelwell/.rbenv/versions/3.1.2/include/ruby-3.1.0/x86_64-darwin22 -I/Users/jaydenthelwell/.rbenv/versions/3.1.2/include/ruby-3.1.0/ruby/backward -I/Users/jaydenthelwell/.rbenv/versions/3.1.2/include/ruby-3.1.0 -I. -I/Users/jaydenthelwell/.rbenv/versions/3.1.2/include  -D_XOPEN_SOURCE -D_DARWIN_C_SOURCE -D_DARWIN_UNLIMITED_SELECT -D_REENTRANT   -fdeclspec -O3 -fno-fast-math -ggdb3 -Wall -Wextra -Wdeprecated-declarations -Wdivision-by-zero -Wimplicit-function-declaration -Wimplicit-int -Wmisleading-indentation -Wpointer-arith -Wshorten-64-to-32 -Wwrite-strings -Wold-style-definition -Wmissing-noreturn -Wno-cast-function-type -Wno-constant-logical-operand -Wno-long-long -Wno-missing-field-initializers -Wno-overlength-strings -Wno-parentheses-equality -Wno-self-assign -Wno-tautological-compare -Wno-unused-parameter -Wno-unused-value -Wunused-variable -Wextra-tokens -Wundef  -fno-common -pipe conftest.c  -L. -L/Users/jaydenthelwell/.rbenv/versions/3.1.2/lib -L. -L/Users/jaydenthelwell/.rbenv/versions/3.1.2/lib  -fstack-protector-strong -L/usr/local/lib     -lruby.3.1   "
checked program was:
/* begin */
1: #include "ruby.h"
2: 
3: int main(int argc, char **argv)
4: {
5:   return !!argv[argc];
6: }
/* end */

DYLD_FALLBACK_LIBRARY_PATH=.:/Users/jaydenthelwell/.rbenv/versions/3.1.2/lib "clang -I/Users/jaydenthelwell/.rbenv/versions/3.1.2/include/ruby-3.1.0/x86_64-darwin22 -I/Users/jaydenthelwell/.rbenv/versions/3.1.2/include/ruby-3.1.0/ruby/backward -I/Users/jaydenthelwell/.rbenv/versions/3.1.2/include/ruby-3.1.0 -I. -I/Users/jaydenthelwell/.rbenv/versions/3.1.2/include  -D_XOPEN_SOURCE -D_DARWIN_C_SOURCE -D_DARWIN_UNLIMITED_SELECT -D_REENTRANT   -fdeclspec -O3 -fno-fast-math -ggdb3 -Wall -Wextra -Wdeprecated-declarations -Wdivision-by-zero -Wimplicit-function-declaration -Wimplicit-int -Wmisleading-indentation -Wpointer-arith -Wshorten-64-to-32 -Wwrite-strings -Wold-style-definition -Wmissing-noreturn -Wno-cast-function-type -Wno-constant-logical-operand -Wno-long-long -Wno-missing-field-initializers -Wno-overlength-strings -Wno-parentheses-equality -Wno-self-assign -Wno-tautological-compare -Wno-unused-parameter -Wno-unused-value -Wunused-variable -Wextra-tokens -Wundef  -fno-common -pipe   -c conftest.c"
conftest.c:3:10: fatal error: 'prism.h' file not found
#include <prism.h>
         ^~~~~~~~~
1 error generated.
checked program was:
/* begin */
1: #include "ruby.h"
2: 
3: #include <prism.h>
/* end */

DYLD_FALLBACK_LIBRARY_PATH=.:/Users/jaydenthelwell/.rbenv/versions/3.1.2/lib "clang -I/Users/jaydenthelwell/.rbenv/versions/3.1.2/include/ruby-3.1.0/x86_64-darwin22 -I/Users/jaydenthelwell/.rbenv/versions/3.1.2/include/ruby-3.1.0/ruby/backward -I/Users/jaydenthelwell/.rbenv/versions/3.1.2/include/ruby-3.1.0 -I. -I/Users/jaydenthelwell/.rbenv/versions/3.1.2/include  -D_XOPEN_SOURCE -D_DARWIN_C_SOURCE -D_DARWIN_UNLIMITED_SELECT -D_REENTRANT   -fdeclspec -O3 -fno-fast-math -ggdb3 -Wall -Wextra -Wdeprecated-declarations -Wdivision-by-zero -Wimplicit-function-declaration -Wimplicit-int -Wmisleading-indentation -Wpointer-arith -Wshorten-64-to-32 -Wwrite-strings -Wold-style-definition -Wmissing-noreturn -Wno-cast-function-type -Wno-constant-logical-operand -Wno-long-long -Wno-missing-field-initializers -Wno-overlength-strings -Wno-parentheses-equality -Wno-self-assign -Wno-tautological-compare -Wno-unused-parameter -Wno-unused-value -Wunused-variable -Wextra-tokens -Wundef  -fno-common -pipe  -I/Users/jaydenthelwell/pye-candles/pye-candles/''/gems/prism-0.18.0/include -c conftest.c"
conftest.c:3:10: fatal error: 'prism.h' file not found
#include <prism.h>
         ^~~~~~~~~
1 error generated.
checked program was:
/* begin */
1: #include "ruby.h"
2: 
3: #include <prism.h>
/* end */

--------------------

