current directory: /Users/jaydenthelwell/pye-candles/pye-candles/''/gems/prism-0.24.0/ext/prism
/Users/jaydenthelwell/.rbenv/versions/3.1.2/bin/ruby -I /Users/jaydenthelwell/.rbenv/versions/3.1.2/lib/ruby/3.1.0 -r ./siteconf20240325-34308-kpz3u9.rb extconf.rb
checking for prism.h in /Users/jaydenthelwell/pye-candles/pye-candles/''/gems/prism-0.24.0/include... no
*** extconf.rb failed ***
Could not create Makefile due to some reason, probably lack of necessary
libraries and/or headers.  Check the mkmf.log file for more details.  You may
need configuration options.

Provided configuration options:
	--with-opt-dir
	--without-opt-dir
	--with-opt-include
	--without-opt-include=${opt-dir}/include
	--with-opt-lib
	--without-opt-lib=${opt-dir}/lib
	--with-make-prog
	--without-make-prog
	--srcdir=.
	--curdir
	--ruby=/Users/jaydenthelwell/.rbenv/versions/3.1.2/bin/$(RUBY_BASE_NAME)
extconf.rb:63:in `<main>': prism.h is required (RuntimeError)

To see why this extension failed to compile, please check the mkmf.log which can be found here:

  /Users/jaydenthelwell/pye-candles/pye-candles/''/extensions/x86_64-darwin-22/3.1.0/prism-0.24.0/mkmf.log

extconf failed, exit code 1
